#
# A fatal error has been detected by the Java Runtime Environment:
#
#  EXCEPTION_ACCESS_VIOLATION (0xc0000005) at pc=0x00000000654d320b, pid=13496, tid=10908
#
# JRE version: 7.0-b147
# Java VM: Java HotSpot(TM) 64-Bit Server VM (21.0-b17 mixed mode windows-amd64 compressed oops)
# Problematic frame:
# V  [jvm.dll+0x11320b]
#
# Failed to write core dump. Minidumps are not enabled by default on client versions of Windows
#
# If you would like to submit a bug report, please visit:
#   http://bugreport.sun.com/bugreport/crash.jsp
#

---------------  T H R E A D  ---------------

Current thread (0x00000000063a6800):  JavaThread "JDWP Transport Listener: dt_socket" daemon [_thread_in_vm, id=10908, stack(0x0000000006fa0000,0x00000000070a0000)]

siginfo: ExceptionCode=0xc0000005, reading address 0x00003b726f746172

Registers:
RAX=0x000000000709f201, RBX=0x00000000063a6800, RCX=0x00003b726f746172, RDX=0x00000000063a6800
RSP=0x000000000709f2a0, RBP=0x00003b726f746172, RSI=0x000000000709f3b8, RDI=0x0000000002488270
R8 =0x000000000709f3b8, R9 =0x0000000a00d40006, R10=0x0000000000000000, R11=0x0000000007ddafbc
R12=0x0000000000000000, R13=0x0000000000000000, R14=0x0000000000000000, R15=0x0000000000000000
RIP=0x00000000654d320b, EFLAGS=0x0000000000010206

Top of Stack: (sp=0x000000000709f2a0)
0x000000000709f2a0:   00000000063a6800 000000000800b550
0x000000000709f2b0:   000000000709f368 000000006564e619
0x000000000709f2c0:   00000000063a6800 000000006566a032
0x000000000709f2d0:   0000000000000000 00000000063a6800
0x000000000709f2e0:   00000000062fddd0 0000000077be264e
0x000000000709f2f0:   00000000063a6800 0000000000000000
0x000000000709f300:   0000000000000000 0000000000000000
0x000000000709f310:   00003b726f746172 0000000077be1745
0x000000000709f320:   000000000709f3b8 000000000709f390
0x000000000709f330:   0000000000000001 00000000062fddd0
0x000000000709f340:   00003b726f746172 0000000077bc53b3
0x000000000709f350:   000000000709f480 0000000000000001
0x000000000709f360:   0000000000000001 00000000062fddd0
0x000000000709f370:   0000000000000001 0000000000000000
0x000000000709f380:   0000000000000000 0000000000000000
0x000000000709f390:   0000000000000001 0000000077bc5571 

Instructions: (pc=0x00000000654d320b)
0x00000000654d31eb:   48 8b 5c 24 30 48 89 47 18 48 83 c4 20 5f c3 cc
0x00000000654d31fb:   cc cc cc cc cc 40 53 48 83 ec 20 48 85 c9 74 54
0x00000000654d320b:   48 8b 19 48 85 db 74 4c 48 b8 fe fe fe fe fe fe
0x00000000654d321b:   fe fe 48 3b d8 74 3d 80 3d df e1 54 00 00 74 15 


Register to memory mapping:

RAX=0x000000000709f201 is pointing into the stack for thread: 0x00000000063a6800
RBX=0x00000000063a6800 is a thread
RCX=0x00003b726f746172 is an unknown value
RDX=0x00000000063a6800 is a thread
RSP=0x000000000709f2a0 is pointing into the stack for thread: 0x00000000063a6800
RBP=0x00003b726f746172 is an unknown value
RSI=0x000000000709f3b8 is pointing into the stack for thread: 0x00000000063a6800
RDI=0x0000000002488270 is an unknown value
R8 =0x000000000709f3b8 is pointing into the stack for thread: 0x00000000063a6800
R9 =0x0000000a00d40006 is an unknown value
R10=0x0000000000000000 is an unknown value
R11=0x0000000007ddafbc is an unknown value
R12=0x0000000000000000 is an unknown value
R13=0x0000000000000000 is an unknown value
R14=0x0000000000000000 is an unknown value
R15=0x0000000000000000 is an unknown value


Stack: [0x0000000006fa0000,0x00000000070a0000],  sp=0x000000000709f2a0,  free space=1020k
Native frames: (J=compiled Java code, j=interpreted, Vv=VM code, C=native code)
V  [jvm.dll+0x11320b]


---------------  P R O C E S S  ---------------

Java Threads: ( => current thread )
  0x0000000007eeb800 JavaThread "Thread-0" daemon [_thread_in_native, id=6916, stack(0x0000000008950000,0x0000000008a50000)]
  0x00000000063cd800 JavaThread "Service Thread" daemon [_thread_blocked, id=12436, stack(0x0000000007920000,0x0000000007a20000)]
  0x00000000063c1800 JavaThread "C2 CompilerThread1" daemon [_thread_blocked, id=12916, stack(0x00000000070c0000,0x00000000071c0000)]
  0x00000000063be000 JavaThread "C2 CompilerThread0" daemon [_thread_blocked, id=13340, stack(0x00000000077a0000,0x00000000078a0000)]
  0x00000000063ad800 JavaThread "JDWP Command Reader" daemon [_thread_in_native, id=14300, stack(0x0000000007630000,0x0000000007730000)]
  0x00000000063ac800 JavaThread "JDWP Event Helper Thread" daemon [_thread_blocked, id=12232, stack(0x0000000007470000,0x0000000007570000)]
=>0x00000000063a6800 JavaThread "JDWP Transport Listener: dt_socket" daemon [_thread_in_vm, id=10908, stack(0x0000000006fa0000,0x00000000070a0000)]
  0x000000000639d000 JavaThread "Attach Listener" daemon [_thread_blocked, id=13672, stack(0x00000000067f0000,0x00000000068f0000)]
  0x0000000006398000 JavaThread "Signal Dispatcher" daemon [_thread_blocked, id=13572, stack(0x0000000006e50000,0x0000000006f50000)]
  0x0000000002478800 JavaThread "Finalizer" daemon [_thread_blocked, id=12936, stack(0x0000000006cb0000,0x0000000006db0000)]
  0x0000000002470800 JavaThread "Reference Handler" daemon [_thread_blocked, id=13952, stack(0x0000000006b60000,0x0000000006c60000)]
  0x000000000248e000 JavaThread "main" [_thread_in_native, id=12388, stack(0x0000000002640000,0x0000000002740000)]

Other Threads:
  0x0000000002468000 VMThread [stack: 0x0000000006990000,0x0000000006a90000] [id=13636]
  0x00000000063da000 WatcherThread [stack: 0x0000000007b70000,0x0000000007c70000] [id=13088]

VM state:not at safepoint (normal execution)

VM Mutex/Monitor currently owned by a thread: None

Heap
 PSYoungGen      total 17536K, used 6260K [0x00000000ec6b0000, 0x00000000eda40000, 0x0000000100000000)
  eden space 15040K, 25% used [0x00000000ec6b0000,0x00000000eca5e688,0x00000000ed560000)
  from space 2496K, 99% used [0x00000000ed560000,0x00000000ed7cea30,0x00000000ed7d0000)
  to   space 2496K, 0% used [0x00000000ed7d0000,0x00000000ed7d0000,0x00000000eda40000)
 PSOldGen        total 40128K, used 720K [0x00000000c5400000, 0x00000000c7b30000, 0x00000000ec6b0000)
  object space 40128K, 1% used [0x00000000c5400000,0x00000000c54b4290,0x00000000c7b30000)
 PSPermGen       total 21248K, used 8084K [0x00000000c0200000, 0x00000000c16c0000, 0x00000000c5400000)
  object space 21248K, 38% used [0x00000000c0200000,0x00000000c09e5000,0x00000000c16c0000)

Code Cache  [0x0000000002740000, 0x00000000029b0000, 0x0000000005740000)
 total_blobs=349 nmethods=87 adapters=222 free_code_cache=48527Kb largest_free_block=49668608

Dynamic libraries:
0x000000013fa70000 - 0x000000013faa3000 	D:\Java\jdk1.7.0\bin\javaw.exe
0x0000000077280000 - 0x0000000077429000 	C:\Windows\SYSTEM32\ntdll.dll
0x0000000077060000 - 0x000000007717f000 	C:\Windows\system32\kernel32.dll
0x000007fefd1d0000 - 0x000007fefd23c000 	C:\Windows\system32\KERNELBASE.dll
0x000007feff270000 - 0x000007feff34b000 	C:\Windows\system32\ADVAPI32.dll
0x000007fefef40000 - 0x000007fefefdf000 	C:\Windows\system32\msvcrt.dll
0x000007fefecd0000 - 0x000007fefecef000 	C:\Windows\SYSTEM32\sechost.dll
0x000007fefed20000 - 0x000007fefee4d000 	C:\Windows\system32\RPCRT4.dll
0x0000000077180000 - 0x000000007727a000 	C:\Windows\system32\USER32.dll
0x000007fefe790000 - 0x000007fefe7f7000 	C:\Windows\system32\GDI32.dll
0x000007feff350000 - 0x000007feff35e000 	C:\Windows\system32\LPK.dll
0x000007fefee70000 - 0x000007fefef39000 	C:\Windows\system32\USP10.dll
0x000007fefbab0000 - 0x000007fefbca4000 	C:\Windows\WinSxS\amd64_microsoft.windows.common-controls_6595b64144ccf1df_6.0.7601.17514_none_fa396087175ac9ac\COMCTL32.dll
0x000007fefd720000 - 0x000007fefd791000 	C:\Windows\system32\SHLWAPI.dll
0x000007fefecf0000 - 0x000007fefed1e000 	C:\Windows\system32\IMM32.DLL
0x000007fefea60000 - 0x000007fefeb69000 	C:\Windows\system32\MSCTF.dll
0x000007fefd000000 - 0x000007fefd032000 	C:\Windows\system32\nvinitx.dll
0x0000000078fe0000 - 0x00000000790b1000 	D:\Java\jdk1.7.0\jre\bin\msvcr100.dll
0x00000000653c0000 - 0x0000000065a8e000 	D:\Java\jdk1.7.0\jre\bin\server\jvm.dll
0x000007fef62b0000 - 0x000007fef62b9000 	C:\Windows\system32\WSOCK32.dll
0x000007fefea10000 - 0x000007fefea5d000 	C:\Windows\system32\WS2_32.dll
0x000007fefefe0000 - 0x000007fefefe8000 	C:\Windows\system32\NSI.dll
0x000007fef9d40000 - 0x000007fef9d7b000 	C:\Windows\system32\WINMM.dll
0x0000000077440000 - 0x0000000077447000 	C:\Windows\system32\PSAPI.DLL
0x0000000073500000 - 0x000000007350f000 	D:\Java\jdk1.7.0\jre\bin\verify.dll
0x0000000072060000 - 0x0000000072088000 	D:\Java\jdk1.7.0\jre\bin\java.dll
0x0000000077bc0000 - 0x0000000077bf5000 	D:\Java\jdk1.7.0\jre\bin\jdwp.dll
0x0000000057780000 - 0x0000000057788000 	D:\Java\jdk1.7.0\jre\bin\npt.dll
0x0000000072040000 - 0x0000000072055000 	D:\Java\jdk1.7.0\jre\bin\zip.dll
0x00000000577b0000 - 0x00000000577b9000 	D:\Java\jdk1.7.0\jre\bin\dt_socket.dll
0x000007fefb2e0000 - 0x000007fefb2f5000 	C:\Windows\system32\NLAapi.dll
0x000007feeff30000 - 0x000007feeff45000 	C:\Windows\system32\napinsp.dll
0x000007feeff10000 - 0x000007feeff29000 	C:\Windows\system32\pnrpnsp.dll
0x000007fefc810000 - 0x000007fefc865000 	C:\Windows\System32\mswsock.dll
0x000007fefc6a0000 - 0x000007fefc6fb000 	C:\Windows\system32\DNSAPI.dll
0x000007fef0870000 - 0x000007fef087b000 	C:\Windows\System32\winrnr.dll
0x000007feeff00000 - 0x000007feeff10000 	C:\Windows\system32\wshbth.dll
0x000007fefad40000 - 0x000007fefad67000 	C:\Windows\system32\IPHLPAPI.DLL
0x000007fefad10000 - 0x000007fefad1b000 	C:\Windows\system32\WINNSI.DLL
0x000007fefab60000 - 0x000007fefabb3000 	C:\Windows\System32\fwpuclnt.dll
0x000007fef8d70000 - 0x000007fef8d78000 	C:\Windows\system32\rasadhlp.dll
0x000007fefc210000 - 0x000007fefc217000 	C:\Windows\System32\wshtcpip.dll
0x000000006ce70000 - 0x000000006ce94000 	D:\Java\jdk1.7.0\jre\bin\sunec.dll
0x000007fefc870000 - 0x000007fefc887000 	C:\Windows\system32\CRYPTSP.dll
0x000007fefc580000 - 0x000007fefc5c7000 	C:\Windows\system32\rsaenh.dll
0x000007fefc340000 - 0x000007fefc35e000 	C:\Windows\system32\USERENV.dll
0x000007fefd040000 - 0x000007fefd04f000 	C:\Windows\system32\profapi.dll
0x000007fefcf30000 - 0x000007fefcf3f000 	C:\Windows\system32\CRYPTBASE.dll
0x0000000072020000 - 0x0000000072039000 	D:\Java\jdk1.7.0\jre\bin\net.dll
0x000007fefca70000 - 0x000007fefca77000 	C:\Windows\System32\wship6.dll
0x0000000072000000 - 0x0000000072011000 	D:\Java\jdk1.7.0\jre\bin\nio.dll
0x0000000057fa0000 - 0x0000000057fab000 	D:\Java\jdk1.7.0\jre\bin\sunmscapi.dll
0x000007fefd2f0000 - 0x000007fefd45c000 	C:\Windows\system32\CRYPT32.dll
0x000007fefd0e0000 - 0x000007fefd0ef000 	C:\Windows\system32\MSASN1.dll

VM Arguments:
jvm_args: -agentlib:jdwp=transport=dt_socket,suspend=y,address=localhost:56138 -Dfile.encoding=UTF-8 
java_command: com.vdi.dao.suport.LdapJNDITest
Launcher Type: SUN_STANDARD

Environment Variables:
JAVA_HOME=D:\Java\jdk1.7.0
CLASSPATH=.;D:\Java\jdk1.7.0\lib\dt.jar;D:\Java\jdk1.7.0\lib\tools.jar;
PATH=D:/Java/jdk1.7.0/bin/../jre/bin/server;D:/Java/jdk1.7.0/bin/../jre/bin;D:/Java/jdk1.7.0/bin/../jre/lib/amd64;C:\Program Files (x86)\Common Files\NetSarang;C:\Program Files (x86)\NVIDIA Corporation\PhysX\Common;C:\Windows\system32;C:\Windows;C:\Windows\System32\Wbem;C:\Windows\System32\WindowsPowerShell\v1.0\;C:\Program Files (x86)\Intel\OpenCL SDK\3.0\bin\x86;C:\Program Files (x86)\Intel\OpenCL SDK\3.0\bin\x64;D:\Java\jdk1.7.0\bin;D:\Java\jdk1.7.0\jre\bin;D:\tools\apache-maven-3.1.1\bin;C:\Program Files (x86)\MIT\Kerberos\bin;C:\Program Files\OpenVPN\bin;C:\Program Files\TortoiseGit\bin;.;;D:\download\eclipse;;.;
USERNAME=tree
OS=Windows_NT
PROCESSOR_IDENTIFIER=Intel64 Family 6 Model 60 Stepping 3, GenuineIntel



---------------  S Y S T E M  ---------------

OS: Windows 7 , 64 bit Build 7601 Service Pack 1

CPU:total 4 (2 cores per cpu, 2 threads per core) family 6 model 60 stepping 3, cmov, cx8, fxsr, mmx, sse, sse2, sse3, ssse3, sse4.1, sse4.2, popcnt, ht

Memory: 4k page, physical 3847784k(357404k free), swap 7693704k(769864k free)

vm_info: Java HotSpot(TM) 64-Bit Server VM (21.0-b17) for windows-amd64 JRE (1.7.0-b147), built on Jun 27 2011 02:19:45 by "java_re" with unknown MS VC++:1600

time: Mon Aug 25 18:56:24 2014
elapsed time: 24 seconds

