2014-07-29 16:24:25,130 INFO  localhost-startStop-1 ContextLoader initWebApplicationContext - Root WebApplicationContext: initialization started
2014-07-29 16:24:25,211 DEBUG localhost-startStop-1 MutablePropertySources addLast - Adding [servletConfigInitParams] PropertySource with lowest search precedence
2014-07-29 16:24:25,212 DEBUG localhost-startStop-1 MutablePropertySources addLast - Adding [servletContextInitParams] PropertySource with lowest search precedence
2014-07-29 16:24:25,216 DEBUG localhost-startStop-1 MutablePropertySources addLast - Adding [jndiProperties] PropertySource with lowest search precedence
2014-07-29 16:24:25,216 DEBUG localhost-startStop-1 MutablePropertySources addLast - Adding [systemProperties] PropertySource with lowest search precedence
2014-07-29 16:24:25,218 DEBUG localhost-startStop-1 MutablePropertySources addLast - Adding [systemEnvironment] PropertySource with lowest search precedence
2014-07-29 16:24:25,219 DEBUG localhost-startStop-1 AbstractEnvironment <init> - Initialized StandardServletEnvironment with PropertySources [servletConfigInitParams,servletContextInitParams,jndiProperties,systemProperties,systemEnvironment]
2014-07-29 16:24:25,223 DEBUG localhost-startStop-1 MutablePropertySources replace - Replacing [servletContextInitParams] PropertySource with [servletContextInitParams]
2014-07-29 16:24:25,224 INFO  localhost-startStop-1 AbstractApplicationContext prepareRefresh - Refreshing Root WebApplicationContext: startup date [Tue Jul 29 16:24:25 CST 2014]; root of context hierarchy
2014-07-29 16:24:25,267 DEBUG localhost-startStop-1 MutablePropertySources addLast - Adding [systemProperties] PropertySource with lowest search precedence
2014-07-29 16:24:25,267 DEBUG localhost-startStop-1 MutablePropertySources addLast - Adding [systemEnvironment] PropertySource with lowest search precedence
2014-07-29 16:24:25,267 DEBUG localhost-startStop-1 AbstractEnvironment <init> - Initialized StandardEnvironment with PropertySources [systemProperties,systemEnvironment]
2014-07-29 16:24:25,294 DEBUG localhost-startStop-1 MutablePropertySources addLast - Adding [systemProperties] PropertySource with lowest search precedence
2014-07-29 16:24:25,294 DEBUG localhost-startStop-1 MutablePropertySources addLast - Adding [systemEnvironment] PropertySource with lowest search precedence
2014-07-29 16:24:25,294 DEBUG localhost-startStop-1 AbstractEnvironment <init> - Initialized StandardEnvironment with PropertySources [systemProperties,systemEnvironment]
2014-07-29 16:24:25,300 DEBUG localhost-startStop-1 ClassPathScanningCandidateComponentProvider registerDefaultFilters - JSR-250 'javax.annotation.ManagedBean' found and supported for component scanning
2014-07-29 16:24:25,302 INFO  localhost-startStop-1 AnnotationConfigWebApplicationContext loadBeanDefinitions - Registering annotated classes: [class com.opzoon.config.AppConfig]
2014-07-29 16:24:25,336 DEBUG localhost-startStop-1 AbstractApplicationContext obtainFreshBeanFactory - Bean factory for Root WebApplicationContext: org.springframework.beans.factory.support.DefaultListableBeanFactory@4e0da86e: defining beans [org.springframework.context.annotation.internalConfigurationAnnotationProcessor,org.springframework.context.annotation.internalAutowiredAnnotationProcessor,org.springframework.context.annotation.internalRequiredAnnotationProcessor,org.springframework.context.annotation.internalCommonAnnotationProcessor,org.springframework.context.annotation.internalPersistenceAnnotationProcessor,appConfig]; root of factory hierarchy
2014-07-29 16:24:25,363 DEBUG localhost-startStop-1 DefaultSingletonBeanRegistry getSingleton - Creating shared instance of singleton bean 'org.springframework.context.annotation.internalConfigurationAnnotationProcessor'
2014-07-29 16:24:25,364 DEBUG localhost-startStop-1 AbstractAutowireCapableBeanFactory createBean - Creating instance of bean 'org.springframework.context.annotation.internalConfigurationAnnotationProcessor'
2014-07-29 16:24:25,386 DEBUG localhost-startStop-1 AbstractAutowireCapableBeanFactory doCreateBean - Eagerly caching bean 'org.springframework.context.annotation.internalConfigurationAnnotationProcessor' to allow for resolving potential circular references
2014-07-29 16:24:25,390 DEBUG localhost-startStop-1 AbstractAutowireCapableBeanFactory createBean - Finished creating instance of bean 'org.springframework.context.annotation.internalConfigurationAnnotationProcessor'
2014-07-29 16:24:25,415 DEBUG localhost-startStop-1 MutablePropertySources addLast - Adding [systemProperties] PropertySource with lowest search precedence
2014-07-29 16:24:25,415 DEBUG localhost-startStop-1 MutablePropertySources addLast - Adding [systemEnvironment] PropertySource with lowest search precedence
2014-07-29 16:24:25,415 DEBUG localhost-startStop-1 AbstractEnvironment <init> - Initialized StandardEnvironment with PropertySources [systemProperties,systemEnvironment]
2014-07-29 16:24:25,416 DEBUG localhost-startStop-1 ClassPathScanningCandidateComponentProvider registerDefaultFilters - JSR-250 'javax.annotation.ManagedBean' found and supported for component scanning
2014-07-29 16:24:25,423 DEBUG localhost-startStop-1 PathMatchingResourcePatternResolver doFindMatchingFileSystemResources - Looking for matching resources in directory tree [D:\vdicore337\.metadata\.plugins\org.eclipse.wst.server.core\tmp1\wtpwebapps\app-core-server\WEB-INF\classes\com\opzoon]
2014-07-29 16:24:25,423 DEBUG localhost-startStop-1 PathMatchingResourcePatternResolver doRetrieveMatchingFiles - Searching directory [D:\vdicore337\.metadata\.plugins\org.eclipse.wst.server.core\tmp1\wtpwebapps\app-core-server\WEB-INF\classes\com\opzoon] for files matching pattern [D:/vdicore337/.metadata/.plugins/org.eclipse.wst.server.core/tmp1/wtpwebapps/app-core-server/WEB-INF/classes/com/opzoon/**/*.class]
2014-07-29 16:24:25,426 DEBUG localhost-startStop-1 PathMatchingResourcePatternResolver doRetrieveMatchingFiles - Searching directory [D:\vdicore337\.metadata\.plugins\org.eclipse.wst.server.core\tmp1\wtpwebapps\app-core-server\WEB-INF\classes\com\opzoon\config] for files matching pattern [D:/vdicore337/.metadata/.plugins/org.eclipse.wst.server.core/tmp1/wtpwebapps/app-core-server/WEB-INF/classes/com/opzoon/**/*.class]
2014-07-29 16:24:25,427 DEBUG localhost-startStop-1 PathMatchingResourcePatternResolver doRetrieveMatchingFiles - Searching directory [D:\vdicore337\.metadata\.plugins\org.eclipse.wst.server.core\tmp1\wtpwebapps\app-core-server\WEB-INF\classes\com\opzoon\controller] for files matching pattern [D:/vdicore337/.metadata/.plugins/org.eclipse.wst.server.core/tmp1/wtpwebapps/app-core-server/WEB-INF/classes/com/opzoon/**/*.class]
2014-07-29 16:24:25,428 DEBUG localhost-startStop-1 PathMatchingResourcePatternResolver doRetrieveMatchingFiles - Searching directory [D:\vdicore337\.metadata\.plugins\org.eclipse.wst.server.core\tmp1\wtpwebapps\app-core-server\WEB-INF\classes\com\opzoon\domain] for files matching pattern [D:/vdicore337/.metadata/.plugins/org.eclipse.wst.server.core/tmp1/wtpwebapps/app-core-server/WEB-INF/classes/com/opzoon/**/*.class]
2014-07-29 16:24:25,428 DEBUG localhost-startStop-1 PathMatchingResourcePatternResolver doRetrieveMatchingFiles - Searching directory [D:\vdicore337\.metadata\.plugins\org.eclipse.wst.server.core\tmp1\wtpwebapps\app-core-server\WEB-INF\classes\com\opzoon\domain\request] for files matching pattern [D:/vdicore337/.metadata/.plugins/org.eclipse.wst.server.core/tmp1/wtpwebapps/app-core-server/WEB-INF/classes/com/opzoon/**/*.class]
2014-07-29 16:24:25,429 DEBUG localhost-startStop-1 PathMatchingResourcePatternResolver doRetrieveMatchingFiles - Searching directory [D:\vdicore337\.metadata\.plugins\org.eclipse.wst.server.core\tmp1\wtpwebapps\app-core-server\WEB-INF\classes\com\opzoon\domain\response] for files matching pattern [D:/vdicore337/.metadata/.plugins/org.eclipse.wst.server.core/tmp1/wtpwebapps/app-core-server/WEB-INF/classes/com/opzoon/**/*.class]
2014-07-29 16:24:25,431 DEBUG localhost-startStop-1 PathMatchingResourcePatternResolver findPathMatchingResources - Resolved location pattern [classpath*:com/opzoon/**/*.class] to resources [file [D:\vdicore337\.metadata\.plugins\org.eclipse.wst.server.core\tmp1\wtpwebapps\app-core-server\WEB-INF\classes\com\opzoon\config\AppConfig.class], file [D:\vdicore337\.metadata\.plugins\org.eclipse.wst.server.core\tmp1\wtpwebapps\app-core-server\WEB-INF\classes\com\opzoon\config\package-info.class], file [D:\vdicore337\.metadata\.plugins\org.eclipse.wst.server.core\tmp1\wtpwebapps\app-core-server\WEB-INF\classes\com\opzoon\config\WebInitializer.class], file [D:\vdicore337\.metadata\.plugins\org.eclipse.wst.server.core\tmp1\wtpwebapps\app-core-server\WEB-INF\classes\com\opzoon\controller\LoginController.class], file [D:\vdicore337\.metadata\.plugins\org.eclipse.wst.server.core\tmp1\wtpwebapps\app-core-server\WEB-INF\classes\com\opzoon\controller\package-info.class], file [D:\vdicore337\.metadata\.plugins\org.eclipse.wst.server.core\tmp1\wtpwebapps\app-core-server\WEB-INF\classes\com\opzoon\domain\request\Login.class], file [D:\vdicore337\.metadata\.plugins\org.eclipse.wst.server.core\tmp1\wtpwebapps\app-core-server\WEB-INF\classes\com\opzoon\domain\response\LoginResponse.class]]
2014-07-29 16:24:25,459 DEBUG localhost-startStop-1 ClassPathScanningCandidateComponentProvider findCandidateComponents - Identified candidate component class: file [D:\vdicore337\.metadata\.plugins\org.eclipse.wst.server.core\tmp1\wtpwebapps\app-core-server\WEB-INF\classes\com\opzoon\controller\LoginController.class]
2014-07-29 16:24:25,510 DEBUG localhost-startStop-1 ConfigurationClassBeanDefinitionReader registerBeanDefinitionForImportedConfigurationClass - Registered bean definition for imported @Configuration class org.springframework.scheduling.annotation.ProxyAsyncConfiguration
2014-07-29 16:24:25,511 DEBUG localhost-startStop-1 ConfigurationClassBeanDefinitionReader loadBeanDefinitionsForBeanMethod - Registering bean definition for @Bean method org.springframework.scheduling.annotation.ProxyAsyncConfiguration.org.springframework.context.annotation.internalAsyncAnnotationProcessor()
2014-07-29 16:24:25,511 DEBUG localhost-startStop-1 ConfigurationClassBeanDefinitionReader registerBeanDefinitionForImportedConfigurationClass - Registered bean definition for imported @Configuration class org.springframework.web.servlet.config.annotation.DelegatingWebMvcConfiguration
2014-07-29 16:24:25,512 DEBUG localhost-startStop-1 ConfigurationClassBeanDefinitionReader loadBeanDefinitionsForBeanMethod - Registering bean definition for @Bean method org.springframework.web.servlet.config.annotation.DelegatingWebMvcConfiguration.simpleControllerHandlerAdapter()
2014-07-29 16:24:25,513 DEBUG localhost-startStop-1 ConfigurationClassBeanDefinitionReader loadBeanDefinitionsForBeanMethod - Registering bean definition for @Bean method org.springframework.web.servlet.config.annotation.DelegatingWebMvcConfiguration.handlerExceptionResolver()
2014-07-29 16:24:25,513 DEBUG localhost-startStop-1 ConfigurationClassBeanDefinitionReader loadBeanDefinitionsForBeanMethod - Registering bean definition for @Bean method org.springframework.web.servlet.config.annotation.DelegatingWebMvcConfiguration.viewControllerHandlerMapping()
2014-07-29 16:24:25,514 DEBUG localhost-startStop-1 ConfigurationClassBeanDefinitionReader loadBeanDefinitionsForBeanMethod - Registering bean definition for @Bean method org.springframework.web.servlet.config.annotation.DelegatingWebMvcConfiguration.mvcContentNegotiationManager()
2014-07-29 16:24:25,515 DEBUG localhost-startStop-1 ConfigurationClassBeanDefinitionReader loadBeanDefinitionsForBeanMethod - Registering bean definition for @Bean method org.springframework.web.servlet.config.annotation.DelegatingWebMvcConfiguration.requestMappingHandlerMapping()
2014-07-29 16:24:25,515 DEBUG localhost-startStop-1 ConfigurationClassBeanDefinitionReader loadBeanDefinitionsForBeanMethod - Registering bean definition for @Bean method org.springframework.web.servlet.config.annotation.DelegatingWebMvcConfiguration.beanNameHandlerMapping()
2014-07-29 16:24:25,516 DEBUG localhost-startStop-1 ConfigurationClassBeanDefinitionReader loadBeanDefinitionsForBeanMethod - Registering bean definition for @Bean method org.springframework.web.servlet.config.annotation.DelegatingWebMvcConfiguration.resourceHandlerMapping()
2014-07-29 16:24:25,517 DEBUG localhost-startStop-1 ConfigurationClassBeanDefinitionReader loadBeanDefinitionsForBeanMethod - Registering bean definition for @Bean method org.springframework.web.servlet.config.annotation.DelegatingWebMvcConfiguration.defaultServletHandlerMapping()
2014-07-29 16:24:25,517 DEBUG localhost-startStop-1 ConfigurationClassBeanDefinitionReader loadBeanDefinitionsForBeanMethod - Registering bean definition for @Bean method org.springframework.web.servlet.config.annotation.DelegatingWebMvcConfiguration.requestMappingHandlerAdapter()
2014-07-29 16:24:25,518 DEBUG localhost-startStop-1 ConfigurationClassBeanDefinitionReader loadBeanDefinitionsForBeanMethod - Registering bean definition for @Bean method org.springframework.web.servlet.config.annotation.DelegatingWebMvcConfiguration.mvcConversionService()
2014-07-29 16:24:25,518 DEBUG localhost-startStop-1 ConfigurationClassBeanDefinitionReader loadBeanDefinitionsForBeanMethod - Registering bean definition for @Bean method org.springframework.web.servlet.config.annotation.DelegatingWebMvcConfiguration.mvcUriComponentsContributor()
2014-07-29 16:24:25,519 DEBUG localhost-startStop-1 ConfigurationClassBeanDefinitionReader loadBeanDefinitionsForBeanMethod - Registering bean definition for @Bean method org.springframework.web.servlet.config.annotation.DelegatingWebMvcConfiguration.httpRequestHandlerAdapter()
2014-07-29 16:24:25,519 DEBUG localhost-startStop-1 ConfigurationClassBeanDefinitionReader loadBeanDefinitionsForBeanMethod - Registering bean definition for @Bean method org.springframework.web.servlet.config.annotation.DelegatingWebMvcConfiguration.mvcValidator()
2014-07-29 16:24:25,520 DEBUG localhost-startStop-1 ConfigurationClassBeanDefinitionReader registerBeanDefinitionForImportedConfigurationClass - Registered bean definition for imported @Configuration class org.springframework.scheduling.annotation.SchedulingConfiguration
2014-07-29 16:24:25,521 DEBUG localhost-startStop-1 ConfigurationClassBeanDefinitionReader loadBeanDefinitionsForBeanMethod - Registering bean definition for @Bean method org.springframework.scheduling.annotation.SchedulingConfiguration.org.springframework.context.annotation.internalScheduledAnnotationProcessor()
2014-07-29 16:24:25,634 DEBUG localhost-startStop-1 ConfigurationClassEnhancer enhance - Successfully enhanced com.opzoon.config.AppConfig; enhanced class name is: com.opzoon.config.AppConfig$$EnhancerBySpringCGLIB$$92b46375
2014-07-29 16:24:25,634 DEBUG localhost-startStop-1 ConfigurationClassPostProcessor enhanceConfigurationClasses - Replacing bean definition 'appConfig' existing class name 'com.opzoon.config.AppConfig' with enhanced class name 'com.opzoon.config.AppConfig$$EnhancerBySpringCGLIB$$92b46375'
2014-07-29 16:24:25,637 DEBUG localhost-startStop-1 ConfigurationClassEnhancer enhance - Successfully enhanced org.springframework.scheduling.annotation.ProxyAsyncConfiguration; enhanced class name is: org.springframework.scheduling.annotation.ProxyAsyncConfiguration$$EnhancerBySpringCGLIB$$4eeeea2e
2014-07-29 16:24:25,638 DEBUG localhost-startStop-1 ConfigurationClassPostProcessor enhanceConfigurationClasses - Replacing bean definition 'org.springframework.scheduling.annotation.ProxyAsyncConfiguration' existing class name 'org.springframework.scheduling.annotation.ProxyAsyncConfiguration' with enhanced class name 'org.springframework.scheduling.annotation.ProxyAsyncConfiguration$$EnhancerBySpringCGLIB$$4eeeea2e'
2014-07-29 16:24:25,652 DEBUG localhost-startStop-1 ConfigurationClassEnhancer enhance - Successfully enhanced org.springframework.web.servlet.config.annotation.DelegatingWebMvcConfiguration; enhanced class name is: org.springframework.web.servlet.config.annotation.DelegatingWebMvcConfiguration$$EnhancerBySpringCGLIB$$1f818843
2014-07-29 16:24:25,652 DEBUG localhost-startStop-1 ConfigurationClassPostProcessor enhanceConfigurationClasses - Replacing bean definition 'org.springframework.web.servlet.config.annotation.DelegatingWebMvcConfiguration' existing class name 'org.springframework.web.servlet.config.annotation.DelegatingWebMvcConfiguration' with enhanced class name 'org.springframework.web.servlet.config.annotation.DelegatingWebMvcConfiguration$$EnhancerBySpringCGLIB$$1f818843'
2014-07-29 16:24:25,654 DEBUG localhost-startStop-1 ConfigurationClassEnhancer enhance - Successfully enhanced org.springframework.scheduling.annotation.SchedulingConfiguration; enhanced class name is: org.springframework.scheduling.annotation.SchedulingConfiguration$$EnhancerBySpringCGLIB$$82c6dec8
2014-07-29 16:24:25,655 DEBUG localhost-startStop-1 ConfigurationClassPostProcessor enhanceConfigurationClasses - Replacing bean definition 'org.springframework.scheduling.annotation.SchedulingConfiguration' existing class name 'org.springframework.scheduling.annotation.SchedulingConfiguration' with enhanced class name 'org.springframework.scheduling.annotation.SchedulingConfiguration$$EnhancerBySpringCGLIB$$82c6dec8'
2014-07-29 16:24:25,680 DEBUG localhost-startStop-1 DefaultSingletonBeanRegistry getSingleton - Creating shared instance of singleton bean 'org.springframework.context.annotation.internalAutowiredAnnotationProcessor'
2014-07-29 16:24:25,680 DEBUG localhost-startStop-1 AbstractAutowireCapableBeanFactory createBean - Creating instance of bean 'org.springframework.context.annotation.internalAutowiredAnnotationProcessor'
2014-07-29 16:24:25,682 DEBUG localhost-startStop-1 AbstractAutowireCapableBeanFactory doCreateBean - Eagerly caching bean 'org.springframework.context.annotation.internalAutowiredAnnotationProcessor' to allow for resolving potential circular references
2014-07-29 16:24:25,682 DEBUG localhost-startStop-1 AbstractAutowireCapableBeanFactory createBean - Finished creating instance of bean 'org.springframework.context.annotation.internalAutowiredAnnotationProcessor'
2014-07-29 16:24:25,682 DEBUG localhost-startStop-1 DefaultSingletonBeanRegistry getSingleton - Creating shared instance of singleton bean 'org.springframework.context.annotation.internalRequiredAnnotationProcessor'
2014-07-29 16:24:25,683 DEBUG localhost-startStop-1 AbstractAutowireCapableBeanFactory createBean - Creating instance of bean 'org.springframework.context.annotation.internalRequiredAnnotationProcessor'
2014-07-29 16:24:25,683 DEBUG localhost-startStop-1 AbstractAutowireCapableBeanFactory doCreateBean - Eagerly caching bean 'org.springframework.context.annotation.internalRequiredAnnotationProcessor' to allow for resolving potential circular references
2014-07-29 16:24:25,683 DEBUG localhost-startStop-1 AbstractAutowireCapableBeanFactory createBean - Finished creating instance of bean 'org.springframework.context.annotation.internalRequiredAnnotationProcessor'
2014-07-29 16:24:25,684 DEBUG localhost-startStop-1 DefaultSingletonBeanRegistry getSingleton - Creating shared instance of singleton bean 'org.springframework.context.annotation.internalCommonAnnotationProcessor'
2014-07-29 16:24:25,684 DEBUG localhost-startStop-1 AbstractAutowireCapableBeanFactory createBean - Creating instance of bean 'org.springframework.context.annotation.internalCommonAnnotationProcessor'
2014-07-29 16:24:25,685 DEBUG localhost-startStop-1 AbstractAutowireCapableBeanFactory doCreateBean - Eagerly caching bean 'org.springframework.context.annotation.internalCommonAnnotationProcessor' to allow for resolving potential circular references
2014-07-29 16:24:25,685 DEBUG localhost-startStop-1 AbstractAutowireCapableBeanFactory createBean - Finished creating instance of bean 'org.springframework.context.annotation.internalCommonAnnotationProcessor'
2014-07-29 16:24:25,686 DEBUG localhost-startStop-1 DefaultSingletonBeanRegistry getSingleton - Creating shared instance of singleton bean 'org.springframework.context.annotation.internalPersistenceAnnotationProcessor'
2014-07-29 16:24:25,686 DEBUG localhost-startStop-1 AbstractAutowireCapableBeanFactory createBean - Creating instance of bean 'org.springframework.context.annotation.internalPersistenceAnnotationProcessor'
2014-07-29 16:24:25,686 DEBUG localhost-startStop-1 AbstractAutowireCapableBeanFactory doCreateBean - Eagerly caching bean 'org.springframework.context.annotation.internalPersistenceAnnotationProcessor' to allow for resolving potential circular references
2014-07-29 16:24:25,686 DEBUG localhost-startStop-1 AbstractAutowireCapableBeanFactory createBean - Finished creating instance of bean 'org.springframework.context.annotation.internalPersistenceAnnotationProcessor'
2014-07-29 16:24:25,686 DEBUG localhost-startStop-1 DefaultSingletonBeanRegistry getSingleton - Creating shared instance of singleton bean 'org.springframework.context.annotation.ConfigurationClassPostProcessor.importAwareProcessor'
2014-07-29 16:24:25,686 DEBUG localhost-startStop-1 AbstractAutowireCapableBeanFactory createBean - Creating instance of bean 'org.springframework.context.annotation.ConfigurationClassPostProcessor.importAwareProcessor'
2014-07-29 16:24:25,687 DEBUG localhost-startStop-1 AbstractAutowireCapableBeanFactory doCreateBean - Eagerly caching bean 'org.springframework.context.annotation.ConfigurationClassPostProcessor.importAwareProcessor' to allow for resolving potential circular references
2014-07-29 16:24:25,687 DEBUG localhost-startStop-1 AbstractAutowireCapableBeanFactory createBean - Finished creating instance of bean 'org.springframework.context.annotation.ConfigurationClassPostProcessor.importAwareProcessor'
2014-07-29 16:24:25,687 DEBUG localhost-startStop-1 DefaultSingletonBeanRegistry getSingleton - Creating shared instance of singleton bean 'org.springframework.context.annotation.ConfigurationClassPostProcessor.enhancedConfigurationProcessor'
2014-07-29 16:24:25,687 DEBUG localhost-startStop-1 AbstractAutowireCapableBeanFactory createBean - Creating instance of bean 'org.springframework.context.annotation.ConfigurationClassPostProcessor.enhancedConfigurationProcessor'
2014-07-29 16:24:25,687 DEBUG localhost-startStop-1 AbstractAutowireCapableBeanFactory doCreateBean - Eagerly caching bean 'org.springframework.context.annotation.ConfigurationClassPostProcessor.enhancedConfigurationProcessor' to allow for resolving potential circular references
2014-07-29 16:24:25,687 DEBUG localhost-startStop-1 AbstractAutowireCapableBeanFactory createBean - Finished creating instance of bean 'org.springframework.context.annotation.ConfigurationClassPostProcessor.enhancedConfigurationProcessor'
2014-07-29 16:24:25,688 DEBUG localhost-startStop-1 DefaultSingletonBeanRegistry getSingleton - Creating shared instance of singleton bean 'org.springframework.context.annotation.internalAsyncAnnotationProcessor'
2014-07-29 16:24:25,688 DEBUG localhost-startStop-1 AbstractAutowireCapableBeanFactory createBean - Creating instance of bean 'org.springframework.context.annotation.internalAsyncAnnotationProcessor'
2014-07-29 16:24:25,690 DEBUG localhost-startStop-1 DefaultSingletonBeanRegistry getSingleton - Creating shared instance of singleton bean 'org.springframework.scheduling.annotation.ProxyAsyncConfiguration'
2014-07-29 16:24:25,691 DEBUG localhost-startStop-1 AbstractAutowireCapableBeanFactory createBean - Creating instance of bean 'org.springframework.scheduling.annotation.ProxyAsyncConfiguration'
2014-07-29 16:24:25,702 DEBUG localhost-startStop-1 InjectionMetadata checkConfigMembers - Registered injected element on class [org.springframework.scheduling.annotation.ProxyAsyncConfiguration$$EnhancerBySpringCGLIB$$4eeeea2e]: AutowiredMethodElement for void org.springframework.scheduling.annotation.AbstractAsyncConfiguration.setConfigurers(java.util.Collection)
2014-07-29 16:24:25,703 DEBUG localhost-startStop-1 AbstractAutowireCapableBeanFactory doCreateBean - Eagerly caching bean 'org.springframework.scheduling.annotation.ProxyAsyncConfiguration' to allow for resolving potential circular references
2014-07-29 16:24:25,711 DEBUG localhost-startStop-1 InjectionMetadata inject - Processing injected method of bean 'org.springframework.scheduling.annotation.ProxyAsyncConfiguration': AutowiredMethodElement for void org.springframework.scheduling.annotation.AbstractAsyncConfiguration.setConfigurers(java.util.Collection)
2014-07-29 16:24:25,720 DEBUG localhost-startStop-1 AbstractBeanFactory doGetBean - Returning cached instance of singleton bean 'org.springframework.context.annotation.ConfigurationClassPostProcessor.importRegistry'
2014-07-29 16:24:25,720 INFO  localhost-startStop-1 PostProcessorRegistrationDelegate$BeanPostProcessorChecker postProcessAfterInitialization - Bean 'org.springframework.scheduling.annotation.ProxyAsyncConfiguration' of type [class org.springframework.scheduling.annotation.ProxyAsyncConfiguration$$EnhancerBySpringCGLIB$$4eeeea2e] is not eligible for getting processed by all BeanPostProcessors (for example: not eligible for auto-proxying)
2014-07-29 16:24:25,720 DEBUG localhost-startStop-1 AbstractAutowireCapableBeanFactory createBean - Finished creating instance of bean 'org.springframework.scheduling.annotation.ProxyAsyncConfiguration'
2014-07-29 16:24:25,742 DEBUG localhost-startStop-1 AbstractAutowireCapableBeanFactory doCreateBean - Eagerly caching bean 'org.springframework.context.annotation.internalAsyncAnnotationProcessor' to allow for resolving potential circular references
2014-07-29 16:24:25,763 DEBUG localhost-startStop-1 AbstractAutowireCapableBeanFactory createBean - Finished creating instance of bean 'org.springframework.context.annotation.internalAsyncAnnotationProcessor'
2014-07-29 16:24:25,763 DEBUG localhost-startStop-1 DefaultSingletonBeanRegistry getSingleton - Creating shared instance of singleton bean 'org.springframework.context.annotation.internalScheduledAnnotationProcessor'
2014-07-29 16:24:25,763 DEBUG localhost-startStop-1 AbstractAutowireCapableBeanFactory createBean - Creating instance of bean 'org.springframework.context.annotation.internalScheduledAnnotationProcessor'
2014-07-29 16:24:25,763 DEBUG localhost-startStop-1 DefaultSingletonBeanRegistry getSingleton - Creating shared instance of singleton bean 'org.springframework.scheduling.annotation.SchedulingConfiguration'
2014-07-29 16:24:25,763 DEBUG localhost-startStop-1 AbstractAutowireCapableBeanFactory createBean - Creating instance of bean 'org.springframework.scheduling.annotation.SchedulingConfiguration'
2014-07-29 16:24:25,765 DEBUG localhost-startStop-1 AbstractAutowireCapableBeanFactory doCreateBean - Eagerly caching bean 'org.springframework.scheduling.annotation.SchedulingConfiguration' to allow for resolving potential circular references
2014-07-29 16:24:25,769 INFO  localhost-startStop-1 PostProcessorRegistrationDelegate$BeanPostProcessorChecker postProcessAfterInitialization - Bean 'org.springframework.scheduling.annotation.SchedulingConfiguration' of type [class org.springframework.scheduling.annotation.SchedulingConfiguration$$EnhancerBySpringCGLIB$$82c6dec8] is not eligible for getting processed by all BeanPostProcessors (for example: not eligible for auto-proxying)
2014-07-29 16:24:25,770 DEBUG localhost-startStop-1 AbstractAutowireCapableBeanFactory createBean - Finished creating instance of bean 'org.springframework.scheduling.annotation.SchedulingConfiguration'
2014-07-29 16:24:25,780 DEBUG localhost-startStop-1 AbstractAutowireCapableBeanFactory doCreateBean - Eagerly caching bean 'org.springframework.context.annotation.internalScheduledAnnotationProcessor' to allow for resolving potential circular references
2014-07-29 16:24:25,785 DEBUG localhost-startStop-1 AbstractAutowireCapableBeanFactory createBean - Finished creating instance of bean 'org.springframework.context.annotation.internalScheduledAnnotationProcessor'
2014-07-29 16:24:25,789 DEBUG localhost-startStop-1 AbstractApplicationContext initMessageSource - Unable to locate MessageSource with name 'messageSource': using default [org.springframework.context.support.DelegatingMessageSource@db19419]
2014-07-29 16:24:25,792 DEBUG localhost-startStop-1 AbstractApplicationContext initApplicationEventMulticaster - Unable to locate ApplicationEventMulticaster with name 'applicationEventMulticaster': using default [org.springframework.context.event.SimpleApplicationEventMulticaster@1e9ee58d]
2014-07-29 16:24:25,794 DEBUG localhost-startStop-1 UiApplicationContextUtils initThemeSource - Unable to locate ThemeSource with name 'themeSource': using default [org.springframework.ui.context.support.ResourceBundleThemeSource@7a231ee2]
2014-07-29 16:24:25,810 DEBUG localhost-startStop-1 DefaultListableBeanFactory preInstantiateSingletons - Pre-instantiating singletons in org.springframework.beans.factory.support.DefaultListableBeanFactory@4e0da86e: defining beans [org.springframework.context.annotation.internalConfigurationAnnotationProcessor,org.springframework.context.annotation.internalAutowiredAnnotationProcessor,org.springframework.context.annotation.internalRequiredAnnotationProcessor,org.springframework.context.annotation.internalCommonAnnotationProcessor,org.springframework.context.annotation.internalPersistenceAnnotationProcessor,appConfig,org.springframework.context.annotation.ConfigurationClassPostProcessor.importAwareProcessor,org.springframework.context.annotation.ConfigurationClassPostProcessor.enhancedConfigurationProcessor,loginController,org.springframework.scheduling.annotation.ProxyAsyncConfiguration,org.springframework.context.annotation.internalAsyncAnnotationProcessor,org.springframework.web.servlet.config.annotation.DelegatingWebMvcConfiguration,simpleControllerHandlerAdapter,handlerExceptionResolver,viewControllerHandlerMapping,mvcContentNegotiationManager,requestMappingHandlerMapping,beanNameHandlerMapping,resourceHandlerMapping,defaultServletHandlerMapping,requestMappingHandlerAdapter,mvcConversionService,mvcUriComponentsContributor,httpRequestHandlerAdapter,mvcValidator,org.springframework.scheduling.annotation.SchedulingConfiguration,org.springframework.context.annotation.internalScheduledAnnotationProcessor]; root of factory hierarchy
2014-07-29 16:24:25,810 DEBUG localhost-startStop-1 AbstractBeanFactory doGetBean - Returning cached instance of singleton bean 'org.springframework.context.annotation.internalConfigurationAnnotationProcessor'
2014-07-29 16:24:25,810 DEBUG localhost-startStop-1 AbstractBeanFactory doGetBean - Returning cached instance of singleton bean 'org.springframework.context.annotation.internalAutowiredAnnotationProcessor'
2014-07-29 16:24:25,810 DEBUG localhost-startStop-1 AbstractBeanFactory doGetBean - Returning cached instance of singleton bean 'org.springframework.context.annotation.internalRequiredAnnotationProcessor'
2014-07-29 16:24:25,810 DEBUG localhost-startStop-1 AbstractBeanFactory doGetBean - Returning cached instance of singleton bean 'org.springframework.context.annotation.internalCommonAnnotationProcessor'
2014-07-29 16:24:25,810 DEBUG localhost-startStop-1 AbstractBeanFactory doGetBean - Returning cached instance of singleton bean 'org.springframework.context.annotation.internalPersistenceAnnotationProcessor'
2014-07-29 16:24:25,811 DEBUG localhost-startStop-1 DefaultSingletonBeanRegistry getSingleton - Creating shared instance of singleton bean 'appConfig'
2014-07-29 16:24:25,811 DEBUG localhost-startStop-1 AbstractAutowireCapableBeanFactory createBean - Creating instance of bean 'appConfig'
2014-07-29 16:24:25,811 DEBUG localhost-startStop-1 AbstractAutowireCapableBeanFactory doCreateBean - Eagerly caching bean 'appConfig' to allow for resolving potential circular references
2014-07-29 16:24:25,840 DEBUG localhost-startStop-1 AbstractAutowireCapableBeanFactory createBean - Finished creating instance of bean 'appConfig'
2014-07-29 16:24:25,840 DEBUG localhost-startStop-1 AbstractBeanFactory doGetBean - Returning cached instance of singleton bean 'org.springframework.context.annotation.ConfigurationClassPostProcessor.importAwareProcessor'
2014-07-29 16:24:25,840 DEBUG localhost-startStop-1 AbstractBeanFactory doGetBean - Returning cached instance of singleton bean 'org.springframework.context.annotation.ConfigurationClassPostProcessor.enhancedConfigurationProcessor'
2014-07-29 16:24:25,841 DEBUG localhost-startStop-1 DefaultSingletonBeanRegistry getSingleton - Creating shared instance of singleton bean 'loginController'
2014-07-29 16:24:25,841 DEBUG localhost-startStop-1 AbstractAutowireCapableBeanFactory createBean - Creating instance of bean 'loginController'
2014-07-29 16:24:25,846 DEBUG localhost-startStop-1 AbstractAutowireCapableBeanFactory doCreateBean - Eagerly caching bean 'loginController' to allow for resolving potential circular references
2014-07-29 16:24:25,852 DEBUG localhost-startStop-1 AbstractAutowireCapableBeanFactory createBean - Finished creating instance of bean 'loginController'
2014-07-29 16:24:25,853 DEBUG localhost-startStop-1 AbstractBeanFactory doGetBean - Returning cached instance of singleton bean 'org.springframework.scheduling.annotation.ProxyAsyncConfiguration'
2014-07-29 16:24:25,853 DEBUG localhost-startStop-1 AbstractBeanFactory doGetBean - Returning cached instance of singleton bean 'org.springframework.context.annotation.internalAsyncAnnotationProcessor'
2014-07-29 16:24:25,853 DEBUG localhost-startStop-1 DefaultSingletonBeanRegistry getSingleton - Creating shared instance of singleton bean 'org.springframework.web.servlet.config.annotation.DelegatingWebMvcConfiguration'
2014-07-29 16:24:25,853 DEBUG localhost-startStop-1 AbstractAutowireCapableBeanFactory createBean - Creating instance of bean 'org.springframework.web.servlet.config.annotation.DelegatingWebMvcConfiguration'
2014-07-29 16:24:25,866 DEBUG localhost-startStop-1 InjectionMetadata checkConfigMembers - Registered injected element on class [org.springframework.web.servlet.config.annotation.DelegatingWebMvcConfiguration$$EnhancerBySpringCGLIB$$1f818843]: AutowiredMethodElement for public void org.springframework.web.servlet.config.annotation.DelegatingWebMvcConfiguration.setConfigurers(java.util.List)
2014-07-29 16:24:25,866 DEBUG localhost-startStop-1 AbstractAutowireCapableBeanFactory doCreateBean - Eagerly caching bean 'org.springframework.web.servlet.config.annotation.DelegatingWebMvcConfiguration' to allow for resolving potential circular references
2014-07-29 16:24:25,871 DEBUG localhost-startStop-1 InjectionMetadata inject - Processing injected method of bean 'org.springframework.web.servlet.config.annotation.DelegatingWebMvcConfiguration': AutowiredMethodElement for public void org.springframework.web.servlet.config.annotation.DelegatingWebMvcConfiguration.setConfigurers(java.util.List)
2014-07-29 16:24:25,876 DEBUG localhost-startStop-1 AbstractBeanFactory doGetBean - Returning cached instance of singleton bean 'appConfig'
2014-07-29 16:24:25,886 DEBUG localhost-startStop-1 AutowiredAnnotationBeanPostProcessor registerDependentBeans - Autowiring by type from bean name 'org.springframework.web.servlet.config.annotation.DelegatingWebMvcConfiguration' to bean named 'appConfig'
2014-07-29 16:24:25,891 DEBUG localhost-startStop-1 AbstractAutowireCapableBeanFactory createBean - Finished creating instance of bean 'org.springframework.web.servlet.config.annotation.DelegatingWebMvcConfiguration'
2014-07-29 16:24:25,891 DEBUG localhost-startStop-1 DefaultSingletonBeanRegistry getSingleton - Creating shared instance of singleton bean 'simpleControllerHandlerAdapter'
2014-07-29 16:24:25,892 DEBUG localhost-startStop-1 AbstractAutowireCapableBeanFactory createBean - Creating instance of bean 'simpleControllerHandlerAdapter'
2014-07-29 16:24:25,892 DEBUG localhost-startStop-1 AbstractBeanFactory doGetBean - Returning cached instance of singleton bean 'org.springframework.web.servlet.config.annotation.DelegatingWebMvcConfiguration'
2014-07-29 16:24:25,903 DEBUG localhost-startStop-1 AbstractAutowireCapableBeanFactory doCreateBean - Eagerly caching bean 'simpleControllerHandlerAdapter' to allow for resolving potential circular references
2014-07-29 16:24:25,905 DEBUG localhost-startStop-1 AbstractAutowireCapableBeanFactory createBean - Finished creating instance of bean 'simpleControllerHandlerAdapter'
2014-07-29 16:24:25,905 DEBUG localhost-startStop-1 DefaultSingletonBeanRegistry getSingleton - Creating shared instance of singleton bean 'handlerExceptionResolver'
2014-07-29 16:24:25,906 DEBUG localhost-startStop-1 AbstractAutowireCapableBeanFactory createBean - Creating instance of bean 'handlerExceptionResolver'
2014-07-29 16:24:25,906 DEBUG localhost-startStop-1 AbstractBeanFactory doGetBean - Returning cached instance of singleton bean 'org.springframework.web.servlet.config.annotation.DelegatingWebMvcConfiguration'
2014-07-29 16:24:26,140 DEBUG localhost-startStop-1 DefaultSingletonBeanRegistry getSingleton - Creating shared instance of singleton bean 'mvcContentNegotiationManager'
2014-07-29 16:24:26,141 DEBUG localhost-startStop-1 AbstractAutowireCapableBeanFactory createBean - Creating instance of bean 'mvcContentNegotiationManager'
2014-07-29 16:24:26,141 DEBUG localhost-startStop-1 AbstractBeanFactory doGetBean - Returning cached instance of singleton bean 'org.springframework.web.servlet.config.annotation.DelegatingWebMvcConfiguration'
2014-07-29 16:24:26,145 DEBUG localhost-startStop-1 AbstractAutowireCapableBeanFactory doCreateBean - Eagerly caching bean 'mvcContentNegotiationManager' to allow for resolving potential circular references
2014-07-29 16:24:26,149 DEBUG localhost-startStop-1 AbstractAutowireCapableBeanFactory createBean - Finished creating instance of bean 'mvcContentNegotiationManager'
2014-07-29 16:24:26,165 DEBUG localhost-startStop-1 ExceptionHandlerExceptionResolver initExceptionHandlerAdviceCache - Looking for exception mappings: Root WebApplicationContext: startup date [Tue Jul 29 16:24:25 CST 2014]; root of context hierarchy
2014-07-29 16:24:26,174 DEBUG localhost-startStop-1 AbstractAutowireCapableBeanFactory doCreateBean - Eagerly caching bean 'handlerExceptionResolver' to allow for resolving potential circular references
2014-07-29 16:24:26,178 DEBUG localhost-startStop-1 AbstractAutowireCapableBeanFactory createBean - Finished creating instance of bean 'handlerExceptionResolver'
2014-07-29 16:24:26,178 DEBUG localhost-startStop-1 DefaultSingletonBeanRegistry getSingleton - Creating shared instance of singleton bean 'viewControllerHandlerMapping'
2014-07-29 16:24:26,178 DEBUG localhost-startStop-1 AbstractAutowireCapableBeanFactory createBean - Creating instance of bean 'viewControllerHandlerMapping'
2014-07-29 16:24:26,179 DEBUG localhost-startStop-1 AbstractBeanFactory doGetBean - Returning cached instance of singleton bean 'org.springframework.web.servlet.config.annotation.DelegatingWebMvcConfiguration'
2014-07-29 16:24:26,181 DEBUG localhost-startStop-1 DefaultSingletonBeanRegistry getSingleton - Creating shared instance of singleton bean 'mvcConversionService'
2014-07-29 16:24:26,182 DEBUG localhost-startStop-1 AbstractAutowireCapableBeanFactory createBean - Creating instance of bean 'mvcConversionService'
2014-07-29 16:24:26,182 DEBUG localhost-startStop-1 AbstractBeanFactory doGetBean - Returning cached instance of singleton bean 'org.springframework.web.servlet.config.annotation.DelegatingWebMvcConfiguration'
2014-07-29 16:24:26,201 DEBUG localhost-startStop-1 AbstractAutowireCapableBeanFactory doCreateBean - Eagerly caching bean 'mvcConversionService' to allow for resolving potential circular references
2014-07-29 16:24:26,212 DEBUG localhost-startStop-1 AbstractAutowireCapableBeanFactory createBean - Finished creating instance of bean 'mvcConversionService'
2014-07-29 16:24:26,216 DEBUG localhost-startStop-1 AbstractAutowireCapableBeanFactory doCreateBean - Eagerly caching bean 'viewControllerHandlerMapping' to allow for resolving potential circular references
2014-07-29 16:24:26,230 DEBUG localhost-startStop-1 AbstractAutowireCapableBeanFactory createBean - Finished creating instance of bean 'viewControllerHandlerMapping'
2014-07-29 16:24:26,230 DEBUG localhost-startStop-1 AbstractBeanFactory doGetBean - Returning cached instance of singleton bean 'mvcContentNegotiationManager'
2014-07-29 16:24:26,231 DEBUG localhost-startStop-1 DefaultSingletonBeanRegistry getSingleton - Creating shared instance of singleton bean 'requestMappingHandlerMapping'
2014-07-29 16:24:26,231 DEBUG localhost-startStop-1 AbstractAutowireCapableBeanFactory createBean - Creating instance of bean 'requestMappingHandlerMapping'
2014-07-29 16:24:26,231 DEBUG localhost-startStop-1 AbstractBeanFactory doGetBean - Returning cached instance of singleton bean 'org.springframework.web.servlet.config.annotation.DelegatingWebMvcConfiguration'
2014-07-29 16:24:26,233 DEBUG localhost-startStop-1 AbstractBeanFactory doGetBean - Returning cached instance of singleton bean 'mvcContentNegotiationManager'
2014-07-29 16:24:26,242 DEBUG localhost-startStop-1 AbstractAutowireCapableBeanFactory doCreateBean - Eagerly caching bean 'requestMappingHandlerMapping' to allow for resolving potential circular references
2014-07-29 16:24:26,254 DEBUG localhost-startStop-1 AbstractAutowireCapableBeanFactory invokeInitMethods - Invoking afterPropertiesSet() on bean with name 'requestMappingHandlerMapping'
2014-07-29 16:24:26,255 DEBUG localhost-startStop-1 AbstractHandlerMethodMapping initHandlerMethods - Looking for request mappings in application context: Root WebApplicationContext: startup date [Tue Jul 29 16:24:25 CST 2014]; root of context hierarchy
2014-07-29 16:24:26,274 INFO  localhost-startStop-1 AbstractHandlerMethodMapping registerHandlerMethod - Mapped "{[/login],methods=[POST],params=[],headers=[application/json],consumes=[],produces=[],custom=[]}" onto public com.opzoon.domain.response.LoginResponse com.opzoon.controller.LoginController.login(com.opzoon.domain.request.Login)
2014-07-29 16:24:26,286 DEBUG localhost-startStop-1 AbstractAutowireCapableBeanFactory createBean - Finished creating instance of bean 'requestMappingHandlerMapping'
2014-07-29 16:24:26,286 DEBUG localhost-startStop-1 DefaultSingletonBeanRegistry getSingleton - Creating shared instance of singleton bean 'beanNameHandlerMapping'
2014-07-29 16:24:26,287 DEBUG localhost-startStop-1 AbstractAutowireCapableBeanFactory createBean - Creating instance of bean 'beanNameHandlerMapping'
2014-07-29 16:24:26,287 DEBUG localhost-startStop-1 AbstractBeanFactory doGetBean - Returning cached instance of singleton bean 'org.springframework.web.servlet.config.annotation.DelegatingWebMvcConfiguration'
2014-07-29 16:24:26,290 DEBUG localhost-startStop-1 AbstractAutowireCapableBeanFactory doCreateBean - Eagerly caching bean 'beanNameHandlerMapping' to allow for resolving potential circular references
2014-07-29 16:24:26,301 DEBUG localhost-startStop-1 AbstractDetectingUrlHandlerMapping detectHandlers - Looking for URL mappings in application context: Root WebApplicationContext: startup date [Tue Jul 29 16:24:25 CST 2014]; root of context hierarchy
2014-07-29 16:24:26,301 DEBUG localhost-startStop-1 AbstractDetectingUrlHandlerMapping detectHandlers - Rejected bean name 'org.springframework.context.annotation.internalConfigurationAnnotationProcessor': no URL paths identified
2014-07-29 16:24:26,301 DEBUG localhost-startStop-1 AbstractDetectingUrlHandlerMapping detectHandlers - Rejected bean name 'org.springframework.context.annotation.internalAutowiredAnnotationProcessor': no URL paths identified
2014-07-29 16:24:26,301 DEBUG localhost-startStop-1 AbstractDetectingUrlHandlerMapping detectHandlers - Rejected bean name 'org.springframework.context.annotation.internalRequiredAnnotationProcessor': no URL paths identified
2014-07-29 16:24:26,301 DEBUG localhost-startStop-1 AbstractDetectingUrlHandlerMapping detectHandlers - Rejected bean name 'org.springframework.context.annotation.internalCommonAnnotationProcessor': no URL paths identified
2014-07-29 16:24:26,302 DEBUG localhost-startStop-1 AbstractDetectingUrlHandlerMapping detectHandlers - Rejected bean name 'org.springframework.context.annotation.internalPersistenceAnnotationProcessor': no URL paths identified
2014-07-29 16:24:26,302 DEBUG localhost-startStop-1 AbstractDetectingUrlHandlerMapping detectHandlers - Rejected bean name 'appConfig': no URL paths identified
2014-07-29 16:24:26,302 DEBUG localhost-startStop-1 AbstractDetectingUrlHandlerMapping detectHandlers - Rejected bean name 'org.springframework.context.annotation.ConfigurationClassPostProcessor.importAwareProcessor': no URL paths identified
2014-07-29 16:24:26,302 DEBUG localhost-startStop-1 AbstractDetectingUrlHandlerMapping detectHandlers - Rejected bean name 'org.springframework.context.annotation.ConfigurationClassPostProcessor.enhancedConfigurationProcessor': no URL paths identified
2014-07-29 16:24:26,302 DEBUG localhost-startStop-1 AbstractDetectingUrlHandlerMapping detectHandlers - Rejected bean name 'loginController': no URL paths identified
2014-07-29 16:24:26,302 DEBUG localhost-startStop-1 AbstractDetectingUrlHandlerMapping detectHandlers - Rejected bean name 'org.springframework.scheduling.annotation.ProxyAsyncConfiguration': no URL paths identified
2014-07-29 16:24:26,303 DEBUG localhost-startStop-1 AbstractDetectingUrlHandlerMapping detectHandlers - Rejected bean name 'org.springframework.context.annotation.internalAsyncAnnotationProcessor': no URL paths identified
2014-07-29 16:24:26,303 DEBUG localhost-startStop-1 AbstractDetectingUrlHandlerMapping detectHandlers - Rejected bean name 'org.springframework.web.servlet.config.annotation.DelegatingWebMvcConfiguration': no URL paths identified
2014-07-29 16:24:26,303 DEBUG localhost-startStop-1 AbstractDetectingUrlHandlerMapping detectHandlers - Rejected bean name 'simpleControllerHandlerAdapter': no URL paths identified
2014-07-29 16:24:26,303 DEBUG localhost-startStop-1 AbstractDetectingUrlHandlerMapping detectHandlers - Rejected bean name 'handlerExceptionResolver': no URL paths identified
2014-07-29 16:24:26,303 DEBUG localhost-startStop-1 AbstractDetectingUrlHandlerMapping detectHandlers - Rejected bean name 'viewControllerHandlerMapping': no URL paths identified
2014-07-29 16:24:26,303 DEBUG localhost-startStop-1 AbstractDetectingUrlHandlerMapping detectHandlers - Rejected bean name 'mvcContentNegotiationManager': no URL paths identified
2014-07-29 16:24:26,303 DEBUG localhost-startStop-1 AbstractDetectingUrlHandlerMapping detectHandlers - Rejected bean name 'requestMappingHandlerMapping': no URL paths identified
2014-07-29 16:24:26,303 DEBUG localhost-startStop-1 AbstractDetectingUrlHandlerMapping detectHandlers - Rejected bean name 'beanNameHandlerMapping': no URL paths identified
2014-07-29 16:24:26,304 DEBUG localhost-startStop-1 AbstractDetectingUrlHandlerMapping detectHandlers - Rejected bean name 'resourceHandlerMapping': no URL paths identified
2014-07-29 16:24:26,304 DEBUG localhost-startStop-1 AbstractDetectingUrlHandlerMapping detectHandlers - Rejected bean name 'defaultServletHandlerMapping': no URL paths identified
2014-07-29 16:24:26,304 DEBUG localhost-startStop-1 AbstractDetectingUrlHandlerMapping detectHandlers - Rejected bean name 'requestMappingHandlerAdapter': no URL paths identified
2014-07-29 16:24:26,304 DEBUG localhost-startStop-1 AbstractDetectingUrlHandlerMapping detectHandlers - Rejected bean name 'mvcConversionService': no URL paths identified
2014-07-29 16:24:26,304 DEBUG localhost-startStop-1 AbstractDetectingUrlHandlerMapping detectHandlers - Rejected bean name 'mvcUriComponentsContributor': no URL paths identified
2014-07-29 16:24:26,304 DEBUG localhost-startStop-1 AbstractDetectingUrlHandlerMapping detectHandlers - Rejected bean name 'httpRequestHandlerAdapter': no URL paths identified
2014-07-29 16:24:26,304 DEBUG localhost-startStop-1 AbstractDetectingUrlHandlerMapping detectHandlers - Rejected bean name 'mvcValidator': no URL paths identified
2014-07-29 16:24:26,304 DEBUG localhost-startStop-1 AbstractDetectingUrlHandlerMapping detectHandlers - Rejected bean name 'org.springframework.scheduling.annotation.SchedulingConfiguration': no URL paths identified
2014-07-29 16:24:26,304 DEBUG localhost-startStop-1 AbstractDetectingUrlHandlerMapping detectHandlers - Rejected bean name 'org.springframework.context.annotation.internalScheduledAnnotationProcessor': no URL paths identified
2014-07-29 16:24:26,305 DEBUG localhost-startStop-1 AbstractDetectingUrlHandlerMapping detectHandlers - Rejected bean name 'environment': no URL paths identified
2014-07-29 16:24:26,305 DEBUG localhost-startStop-1 AbstractDetectingUrlHandlerMapping detectHandlers - Rejected bean name 'systemProperties': no URL paths identified
2014-07-29 16:24:26,305 DEBUG localhost-startStop-1 AbstractDetectingUrlHandlerMapping detectHandlers - Rejected bean name 'systemEnvironment': no URL paths identified
2014-07-29 16:24:26,305 DEBUG localhost-startStop-1 AbstractDetectingUrlHandlerMapping detectHandlers - Rejected bean name 'servletContext': no URL paths identified
2014-07-29 16:24:26,305 DEBUG localhost-startStop-1 AbstractDetectingUrlHandlerMapping detectHandlers - Rejected bean name 'contextParameters': no URL paths identified
2014-07-29 16:24:26,305 DEBUG localhost-startStop-1 AbstractDetectingUrlHandlerMapping detectHandlers - Rejected bean name 'contextAttributes': no URL paths identified
2014-07-29 16:24:26,305 DEBUG localhost-startStop-1 AbstractDetectingUrlHandlerMapping detectHandlers - Rejected bean name 'org.springframework.context.annotation.ConfigurationClassPostProcessor.importRegistry': no URL paths identified
2014-07-29 16:24:26,305 DEBUG localhost-startStop-1 AbstractDetectingUrlHandlerMapping detectHandlers - Rejected bean name 'messageSource': no URL paths identified
2014-07-29 16:24:26,306 DEBUG localhost-startStop-1 AbstractDetectingUrlHandlerMapping detectHandlers - Rejected bean name 'applicationEventMulticaster': no URL paths identified
2014-07-29 16:24:26,310 DEBUG localhost-startStop-1 AbstractAutowireCapableBeanFactory createBean - Finished creating instance of bean 'beanNameHandlerMapping'
2014-07-29 16:24:26,310 DEBUG localhost-startStop-1 DefaultSingletonBeanRegistry getSingleton - Creating shared instance of singleton bean 'resourceHandlerMapping'
2014-07-29 16:24:26,310 DEBUG localhost-startStop-1 AbstractAutowireCapableBeanFactory createBean - Creating instance of bean 'resourceHandlerMapping'
2014-07-29 16:24:26,311 DEBUG localhost-startStop-1 AbstractBeanFactory doGetBean - Returning cached instance of singleton bean 'org.springframework.web.servlet.config.annotation.DelegatingWebMvcConfiguration'
2014-07-29 16:24:26,312 DEBUG localhost-startStop-1 AbstractAutowireCapableBeanFactory doCreateBean - Eagerly caching bean 'resourceHandlerMapping' to allow for resolving potential circular references
2014-07-29 16:24:26,312 DEBUG localhost-startStop-1 AbstractAutowireCapableBeanFactory createBean - Finished creating instance of bean 'resourceHandlerMapping'
2014-07-29 16:24:26,312 DEBUG localhost-startStop-1 DefaultSingletonBeanRegistry getSingleton - Creating shared instance of singleton bean 'defaultServletHandlerMapping'
2014-07-29 16:24:26,312 DEBUG localhost-startStop-1 AbstractAutowireCapableBeanFactory createBean - Creating instance of bean 'defaultServletHandlerMapping'
2014-07-29 16:24:26,313 DEBUG localhost-startStop-1 AbstractBeanFactory doGetBean - Returning cached instance of singleton bean 'org.springframework.web.servlet.config.annotation.DelegatingWebMvcConfiguration'
2014-07-29 16:24:26,317 DEBUG localhost-startStop-1 AbstractAutowireCapableBeanFactory doCreateBean - Eagerly caching bean 'defaultServletHandlerMapping' to allow for resolving potential circular references
2014-07-29 16:24:26,322 INFO  localhost-startStop-1 AbstractUrlHandlerMapping registerHandler - Mapped URL path [/**] onto handler of type [class org.springframework.web.servlet.resource.DefaultServletHttpRequestHandler]
2014-07-29 16:24:26,328 DEBUG localhost-startStop-1 AbstractAutowireCapableBeanFactory createBean - Finished creating instance of bean 'defaultServletHandlerMapping'
2014-07-29 16:24:26,328 DEBUG localhost-startStop-1 DefaultSingletonBeanRegistry getSingleton - Creating shared instance of singleton bean 'requestMappingHandlerAdapter'
2014-07-29 16:24:26,328 DEBUG localhost-startStop-1 AbstractAutowireCapableBeanFactory createBean - Creating instance of bean 'requestMappingHandlerAdapter'
2014-07-29 16:24:26,328 DEBUG localhost-startStop-1 AbstractBeanFactory doGetBean - Returning cached instance of singleton bean 'org.springframework.web.servlet.config.annotation.DelegatingWebMvcConfiguration'
2014-07-29 16:24:26,345 DEBUG localhost-startStop-1 AbstractBeanFactory doGetBean - Returning cached instance of singleton bean 'mvcContentNegotiationManager'
2014-07-29 16:24:26,345 DEBUG localhost-startStop-1 AbstractBeanFactory doGetBean - Returning cached instance of singleton bean 'mvcConversionService'
2014-07-29 16:24:26,346 DEBUG localhost-startStop-1 DefaultSingletonBeanRegistry getSingleton - Creating shared instance of singleton bean 'mvcValidator'
2014-07-29 16:24:26,346 DEBUG localhost-startStop-1 AbstractAutowireCapableBeanFactory createBean - Creating instance of bean 'mvcValidator'
2014-07-29 16:24:26,346 DEBUG localhost-startStop-1 AbstractBeanFactory doGetBean - Returning cached instance of singleton bean 'org.springframework.web.servlet.config.annotation.DelegatingWebMvcConfiguration'
2014-07-29 16:24:26,358 DEBUG localhost-startStop-1 AbstractAutowireCapableBeanFactory doCreateBean - Eagerly caching bean 'mvcValidator' to allow for resolving potential circular references
2014-07-29 16:24:26,367 DEBUG localhost-startStop-1 AbstractAutowireCapableBeanFactory invokeInitMethods - Invoking afterPropertiesSet() on bean with name 'mvcValidator'
2014-07-29 16:24:26,399 DEBUG localhost-startStop-1 LoggerFactory make - Logging Provider: org.jboss.logging.Log4jLoggerProvider
2014-07-29 16:24:26,399 INFO  localhost-startStop-1 Version <clinit> - HV000001: Hibernate Validator 5.1.1.Final
2014-07-29 16:24:26,418 DEBUG localhost-startStop-1 DefaultTraversableResolver detectJPA - Found javax.persistence.Persistence on classpath containing 'getPersistenceUtil'. Assuming JPA 2 environment. Trying to instantiate JPA aware TraversableResolver
2014-07-29 16:24:26,420 DEBUG localhost-startStop-1 DefaultTraversableResolver detectJPA - Instantiated JPA aware TraversableResolver of type org.hibernate.validator.internal.engine.resolver.JPATraversableResolver.
2014-07-29 16:24:26,432 DEBUG localhost-startStop-1 ConfigurationImpl messageInterpolator - Setting custom MessageInterpolator of type org.springframework.validation.beanvalidation.LocaleContextMessageInterpolator
2014-07-29 16:24:26,433 DEBUG localhost-startStop-1 ConfigurationImpl constraintValidatorFactory - Setting custom ConstraintValidatorFactory of type org.springframework.validation.beanvalidation.SpringConstraintValidatorFactory
2014-07-29 16:24:26,436 DEBUG localhost-startStop-1 ConfigurationImpl parameterNameProvider - Setting custom ParameterNameProvider of type $Proxy23
2014-07-29 16:24:26,442 DEBUG localhost-startStop-1 ValidationXmlParser getInputStream - Trying to load META-INF/validation.xml for XML based Validator configuration.
2014-07-29 16:24:26,450 DEBUG localhost-startStop-1 ValidationXmlParser getInputStream - No META-INF/validation.xml found. Using annotation based configuration only.
2014-07-29 16:24:26,515 DEBUG localhost-startStop-1 AbstractAutowireCapableBeanFactory createBean - Finished creating instance of bean 'mvcValidator'
2014-07-29 16:24:26,519 DEBUG localhost-startStop-1 AbstractAutowireCapableBeanFactory doCreateBean - Eagerly caching bean 'requestMappingHandlerAdapter' to allow for resolving potential circular references
2014-07-29 16:24:26,533 DEBUG localhost-startStop-1 AbstractAutowireCapableBeanFactory invokeInitMethods - Invoking afterPropertiesSet() on bean with name 'requestMappingHandlerAdapter'
2014-07-29 16:24:26,559 DEBUG localhost-startStop-1 RequestMappingHandlerAdapter initControllerAdviceCache - Looking for controller advice: Root WebApplicationContext: startup date [Tue Jul 29 16:24:25 CST 2014]; root of context hierarchy
2014-07-29 16:24:26,562 DEBUG localhost-startStop-1 AbstractAutowireCapableBeanFactory createBean - Finished creating instance of bean 'requestMappingHandlerAdapter'
2014-07-29 16:24:26,562 DEBUG localhost-startStop-1 AbstractBeanFactory doGetBean - Returning cached instance of singleton bean 'mvcConversionService'
2014-07-29 16:24:26,562 DEBUG localhost-startStop-1 DefaultSingletonBeanRegistry getSingleton - Creating shared instance of singleton bean 'mvcUriComponentsContributor'
2014-07-29 16:24:26,563 DEBUG localhost-startStop-1 AbstractAutowireCapableBeanFactory createBean - Creating instance of bean 'mvcUriComponentsContributor'
2014-07-29 16:24:26,563 DEBUG localhost-startStop-1 AbstractBeanFactory doGetBean - Returning cached instance of singleton bean 'org.springframework.web.servlet.config.annotation.DelegatingWebMvcConfiguration'
2014-07-29 16:24:26,564 DEBUG localhost-startStop-1 AbstractBeanFactory doGetBean - Returning cached instance of singleton bean 'requestMappingHandlerAdapter'
2014-07-29 16:24:26,564 DEBUG localhost-startStop-1 AbstractBeanFactory doGetBean - Returning cached instance of singleton bean 'mvcConversionService'
2014-07-29 16:24:26,566 DEBUG localhost-startStop-1 AbstractAutowireCapableBeanFactory doCreateBean - Eagerly caching bean 'mvcUriComponentsContributor' to allow for resolving potential circular references
2014-07-29 16:24:26,568 DEBUG localhost-startStop-1 AbstractAutowireCapableBeanFactory createBean - Finished creating instance of bean 'mvcUriComponentsContributor'
2014-07-29 16:24:26,569 DEBUG localhost-startStop-1 DefaultSingletonBeanRegistry getSingleton - Creating shared instance of singleton bean 'httpRequestHandlerAdapter'
2014-07-29 16:24:26,569 DEBUG localhost-startStop-1 AbstractAutowireCapableBeanFactory createBean - Creating instance of bean 'httpRequestHandlerAdapter'
2014-07-29 16:24:26,569 DEBUG localhost-startStop-1 AbstractBeanFactory doGetBean - Returning cached instance of singleton bean 'org.springframework.web.servlet.config.annotation.DelegatingWebMvcConfiguration'
2014-07-29 16:24:26,570 DEBUG localhost-startStop-1 AbstractAutowireCapableBeanFactory doCreateBean - Eagerly caching bean 'httpRequestHandlerAdapter' to allow for resolving potential circular references
2014-07-29 16:24:26,572 DEBUG localhost-startStop-1 AbstractAutowireCapableBeanFactory createBean - Finished creating instance of bean 'httpRequestHandlerAdapter'
2014-07-29 16:24:26,572 DEBUG localhost-startStop-1 AbstractBeanFactory doGetBean - Returning cached instance of singleton bean 'mvcValidator'
2014-07-29 16:24:26,572 DEBUG localhost-startStop-1 AbstractBeanFactory doGetBean - Returning cached instance of singleton bean 'org.springframework.scheduling.annotation.SchedulingConfiguration'
2014-07-29 16:24:26,572 DEBUG localhost-startStop-1 AbstractBeanFactory doGetBean - Returning cached instance of singleton bean 'org.springframework.context.annotation.internalScheduledAnnotationProcessor'
2014-07-29 16:24:26,574 DEBUG localhost-startStop-1 AbstractApplicationContext initLifecycleProcessor - Unable to locate LifecycleProcessor with name 'lifecycleProcessor': using default [org.springframework.context.support.DefaultLifecycleProcessor@5288e65f]
2014-07-29 16:24:26,574 DEBUG localhost-startStop-1 AbstractBeanFactory doGetBean - Returning cached instance of singleton bean 'lifecycleProcessor'
2014-07-29 16:24:26,575 DEBUG localhost-startStop-1 AbstractBeanFactory doGetBean - Returning cached instance of singleton bean 'org.springframework.context.annotation.internalScheduledAnnotationProcessor'
2014-07-29 16:24:26,584 DEBUG localhost-startStop-1 PropertySourcesPropertyResolver getProperty - Searching for key 'spring.liveBeansView.mbeanDomain' in [servletConfigInitParams]
2014-07-29 16:24:26,585 DEBUG localhost-startStop-1 PropertySourcesPropertyResolver getProperty - Searching for key 'spring.liveBeansView.mbeanDomain' in [servletContextInitParams]
2014-07-29 16:24:26,585 DEBUG localhost-startStop-1 PropertySourcesPropertyResolver getProperty - Searching for key 'spring.liveBeansView.mbeanDomain' in [jndiProperties]
2014-07-29 16:24:26,585 DEBUG localhost-startStop-1 JndiTemplate lookup - Looking up JNDI object with name [java:comp/env/spring.liveBeansView.mbeanDomain]
2014-07-29 16:24:26,586 DEBUG localhost-startStop-1 JndiLocatorSupport lookup - Converted JNDI name [java:comp/env/spring.liveBeansView.mbeanDomain] not found - trying original name [spring.liveBeansView.mbeanDomain]. javax.naming.NameNotFoundException: Name [spring.liveBeansView.mbeanDomain] is not bound in this Context. Unable to find [spring.liveBeansView.mbeanDomain].
2014-07-29 16:24:26,586 DEBUG localhost-startStop-1 JndiTemplate lookup - Looking up JNDI object with name [spring.liveBeansView.mbeanDomain]
2014-07-29 16:24:26,587 DEBUG localhost-startStop-1 JndiPropertySource getProperty - JNDI lookup for name [spring.liveBeansView.mbeanDomain] threw NamingException with message: Name [spring.liveBeansView.mbeanDomain] is not bound in this Context. Unable to find [spring.liveBeansView.mbeanDomain].. Returning null.
2014-07-29 16:24:26,587 DEBUG localhost-startStop-1 PropertySourcesPropertyResolver getProperty - Searching for key 'spring.liveBeansView.mbeanDomain' in [systemProperties]
2014-07-29 16:24:26,587 DEBUG localhost-startStop-1 PropertySourcesPropertyResolver getProperty - Searching for key 'spring.liveBeansView.mbeanDomain' in [systemEnvironment]
2014-07-29 16:24:26,588 DEBUG localhost-startStop-1 PropertySourcesPropertyResolver getProperty - Could not find key 'spring.liveBeansView.mbeanDomain' in any property source. Returning [null]
2014-07-29 16:24:26,588 DEBUG localhost-startStop-1 ContextLoader initWebApplicationContext - Published root WebApplicationContext as ServletContext attribute with name [org.springframework.web.context.WebApplicationContext.ROOT]
2014-07-29 16:24:26,588 INFO  localhost-startStop-1 ContextLoader initWebApplicationContext - Root WebApplicationContext: initialization completed in 1456 ms
2014-07-29 16:24:26,591 DEBUG localhost-startStop-1 HttpServletBean init - Initializing servlet 'dispatcher'
2014-07-29 16:24:26,594 DEBUG localhost-startStop-1 MutablePropertySources addLast - Adding [servletConfigInitParams] PropertySource with lowest search precedence
2014-07-29 16:24:26,595 DEBUG localhost-startStop-1 MutablePropertySources addLast - Adding [servletContextInitParams] PropertySource with lowest search precedence
2014-07-29 16:24:26,595 DEBUG localhost-startStop-1 MutablePropertySources addLast - Adding [jndiProperties] PropertySource with lowest search precedence
2014-07-29 16:24:26,595 DEBUG localhost-startStop-1 MutablePropertySources addLast - Adding [systemProperties] PropertySource with lowest search precedence
2014-07-29 16:24:26,595 DEBUG localhost-startStop-1 MutablePropertySources addLast - Adding [systemEnvironment] PropertySource with lowest search precedence
2014-07-29 16:24:26,598 DEBUG localhost-startStop-1 AbstractEnvironment <init> - Initialized StandardServletEnvironment with PropertySources [servletConfigInitParams,servletContextInitParams,jndiProperties,systemProperties,systemEnvironment]
2014-07-29 16:24:26,600 INFO  localhost-startStop-1 FrameworkServlet initServletBean - FrameworkServlet 'dispatcher': initialization started
2014-07-29 16:24:26,603 DEBUG localhost-startStop-1 DispatcherServlet initMultipartResolver - Unable to locate MultipartResolver with name 'multipartResolver': no multipart request handling provided
2014-07-29 16:24:26,604 DEBUG localhost-startStop-1 AbstractAutowireCapableBeanFactory createBean - Creating instance of bean 'org.springframework.web.servlet.i18n.AcceptHeaderLocaleResolver'
2014-07-29 16:24:26,612 DEBUG localhost-startStop-1 AbstractAutowireCapableBeanFactory createBean - Finished creating instance of bean 'org.springframework.web.servlet.i18n.AcceptHeaderLocaleResolver'
2014-07-29 16:24:26,612 DEBUG localhost-startStop-1 DispatcherServlet initLocaleResolver - Unable to locate LocaleResolver with name 'localeResolver': using default [org.springframework.web.servlet.i18n.AcceptHeaderLocaleResolver@313e511e]
2014-07-29 16:24:26,615 DEBUG localhost-startStop-1 AbstractAutowireCapableBeanFactory createBean - Creating instance of bean 'org.springframework.web.servlet.theme.FixedThemeResolver'
2014-07-29 16:24:26,622 DEBUG localhost-startStop-1 AbstractAutowireCapableBeanFactory createBean - Finished creating instance of bean 'org.springframework.web.servlet.theme.FixedThemeResolver'
2014-07-29 16:24:26,623 DEBUG localhost-startStop-1 DispatcherServlet initThemeResolver - Unable to locate ThemeResolver with name 'themeResolver': using default [org.springframework.web.servlet.theme.FixedThemeResolver@7404b78b]
2014-07-29 16:24:26,624 DEBUG localhost-startStop-1 AbstractBeanFactory doGetBean - Returning cached instance of singleton bean 'viewControllerHandlerMapping'
2014-07-29 16:24:26,624 DEBUG localhost-startStop-1 AbstractBeanFactory doGetBean - Returning cached instance of singleton bean 'requestMappingHandlerMapping'
2014-07-29 16:24:26,624 DEBUG localhost-startStop-1 AbstractBeanFactory doGetBean - Returning cached instance of singleton bean 'beanNameHandlerMapping'
2014-07-29 16:24:26,624 DEBUG localhost-startStop-1 AbstractBeanFactory doGetBean - Returning cached instance of singleton bean 'resourceHandlerMapping'
2014-07-29 16:24:26,624 DEBUG localhost-startStop-1 AbstractBeanFactory doGetBean - Returning cached instance of singleton bean 'defaultServletHandlerMapping'
2014-07-29 16:24:26,625 DEBUG localhost-startStop-1 AbstractBeanFactory doGetBean - Returning cached instance of singleton bean 'simpleControllerHandlerAdapter'
2014-07-29 16:24:26,625 DEBUG localhost-startStop-1 AbstractBeanFactory doGetBean - Returning cached instance of singleton bean 'requestMappingHandlerAdapter'
2014-07-29 16:24:26,626 DEBUG localhost-startStop-1 AbstractBeanFactory doGetBean - Returning cached instance of singleton bean 'httpRequestHandlerAdapter'
2014-07-29 16:24:26,626 DEBUG localhost-startStop-1 AbstractBeanFactory doGetBean - Returning cached instance of singleton bean 'handlerExceptionResolver'
2014-07-29 16:24:26,628 DEBUG localhost-startStop-1 AbstractAutowireCapableBeanFactory createBean - Creating instance of bean 'org.springframework.web.servlet.view.DefaultRequestToViewNameTranslator'
2014-07-29 16:24:26,634 DEBUG localhost-startStop-1 AbstractAutowireCapableBeanFactory createBean - Finished creating instance of bean 'org.springframework.web.servlet.view.DefaultRequestToViewNameTranslator'
2014-07-29 16:24:26,634 DEBUG localhost-startStop-1 DispatcherServlet initRequestToViewNameTranslator - Unable to locate RequestToViewNameTranslator with name 'viewNameTranslator': using default [org.springframework.web.servlet.view.DefaultRequestToViewNameTranslator@2075bcbf]
2014-07-29 16:24:26,638 DEBUG localhost-startStop-1 AbstractAutowireCapableBeanFactory createBean - Creating instance of bean 'org.springframework.web.servlet.view.InternalResourceViewResolver'
2014-07-29 16:24:26,658 DEBUG localhost-startStop-1 AbstractAutowireCapableBeanFactory createBean - Finished creating instance of bean 'org.springframework.web.servlet.view.InternalResourceViewResolver'
2014-07-29 16:24:26,658 DEBUG localhost-startStop-1 DispatcherServlet initViewResolvers - No ViewResolvers found in servlet 'dispatcher': using default
2014-07-29 16:24:26,661 DEBUG localhost-startStop-1 AbstractAutowireCapableBeanFactory createBean - Creating instance of bean 'org.springframework.web.servlet.support.SessionFlashMapManager'
2014-07-29 16:24:26,670 DEBUG localhost-startStop-1 AbstractAutowireCapableBeanFactory createBean - Finished creating instance of bean 'org.springframework.web.servlet.support.SessionFlashMapManager'
2014-07-29 16:24:26,670 DEBUG localhost-startStop-1 DispatcherServlet initFlashMapManager - Unable to locate FlashMapManager with name 'flashMapManager': using default [org.springframework.web.servlet.support.SessionFlashMapManager@3a196f27]
2014-07-29 16:24:26,670 DEBUG localhost-startStop-1 FrameworkServlet initWebApplicationContext - Published WebApplicationContext of servlet 'dispatcher' as ServletContext attribute with name [org.springframework.web.servlet.FrameworkServlet.CONTEXT.dispatcher]
2014-07-29 16:24:26,671 INFO  localhost-startStop-1 FrameworkServlet initServletBean - FrameworkServlet 'dispatcher': initialization completed in 71 ms
2014-07-29 16:24:26,671 DEBUG localhost-startStop-1 HttpServletBean init - Servlet 'dispatcher' configured successfully
